<?xml version="1.0" encoding="UTF-8"?>
<!-- Generated by org.testng.reporters.JUnitXMLReporter -->
<testsuite ignored="0" hostname="LAPTOP-30LS49F4" failures="0" tests="3" name="Default test" time="0.136" errors="0" timestamp="2021-06-07T20:22:18 IST">
  <testcase classname="testngpackage.Classtwo" name="testone" time="0.015"/>
  <testcase classname="testngpackage.Classtwo" name="testtwo" time="0.004"/>
  <testcase classname="testngpackage.Classtwo" name="testhree" time="0.005"/>
</testsuite> <!-- Default test -->
