<?xml version="1.0" encoding="UTF-8"?>
<!-- Generated by org.testng.reporters.JUnitXMLReporter -->
<testsuite ignored="1" hostname="LAPTOP-30LS49F4" failures="0" tests="2" name="basic validations" time="0.118" errors="0" timestamp="2021-06-07T19:57:12 IST">
  <testcase classname="testngpackage.Myfirsttestng" name="aftermethod" time="0.009"/>
  <testcase classname="testngpackage.Myfirsttestng" name="addtocart" time="0.003"/>
  <testcase classname="testngpackage.Myfirsttestng" name="login" time="0.0">
    <ignored/>
  </testcase> <!-- login -->
</testsuite> <!-- basic validations -->
