<?xml version="1.0" encoding="UTF-8"?>
<testng-results ignored="2" total="4" passed="2" failed="0" skipped="0">
  <reporter-output>
  </reporter-output>
  <suite started-at="2021-06-07T20:28:49 IST" name="TestAll" finished-at="2021-06-07T20:28:49 IST" duration-ms="111">
    <groups>
      <group name="mine">
        <method signature="Classtwo.testfour()[pri:4, instance:testngpackage.Classtwo@26275bef]" name="testfour" class="testngpackage.Classtwo"/>
        <method signature="Classtwo.testhree()[pri:3, instance:testngpackage.Classtwo@26275bef]" name="testhree" class="testngpackage.Classtwo"/>
      </group> <!-- mine -->
    </groups>
    <test started-at="2021-06-07T20:28:49 IST" name="database" finished-at="2021-06-07T20:28:49 IST" duration-ms="111">
      <class name="testngpackage.Classtwo">
        <test-method signature="testhree()[pri:3, instance:testngpackage.Classtwo@26275bef]" started-at="2021-06-07T20:28:49 IST" name="testhree" finished-at="2021-06-07T20:28:49 IST" duration-ms="15" status="PASS">
          <reporter-output>
          </reporter-output>
        </test-method> <!-- testhree -->
        <test-method signature="testfour()[pri:4, instance:testngpackage.Classtwo@26275bef]" started-at="2021-06-07T20:28:49 IST" name="testfour" finished-at="2021-06-07T20:28:49 IST" duration-ms="3" status="PASS">
          <reporter-output>
          </reporter-output>
        </test-method> <!-- testfour -->
      </class> <!-- testngpackage.Classtwo -->
    </test> <!-- database -->
  </suite> <!-- TestAll -->
</testng-results>
