<?xml version="1.0" encoding="UTF-8"?>
<!-- Generated by org.testng.reporters.JUnitXMLReporter -->
<testsuite ignored="2" hostname="LAPTOP-30LS49F4" failures="0" tests="2" name="database" time="0.111" errors="0" timestamp="2021-06-07T20:28:49 IST">
  <testcase classname="testngpackage.Classtwo" name="testhree" time="0.015"/>
  <testcase classname="testngpackage.Classtwo" name="testfour" time="0.003"/>
  <testcase classname="testngpackage.Classtwo" name="testone" time="0.0">
    <ignored/>
  </testcase> <!-- testone -->
  <testcase classname="testngpackage.Classtwo" name="testtwo" time="0.0">
    <ignored/>
  </testcase> <!-- testtwo -->
</testsuite> <!-- database -->
